<?xml version="1.0" encoding="UTF-8" ?>
<testsuite failures="0" time="0.004" errors="0" skipped="0" tests="1" name="ch.fhzh.AppTest">
  <properties>
    <property name="java.runtime.name" value="Java(TM) SE Runtime Environment"/>
    <property name="sun.boot.library.path" value="C:\Program Files (x86)\Java\jdk1.6.0_21\jre\bin"/>
    <property name="java.vm.version" value="17.0-b17"/>
    <property name="java.vm.vendor" value="Sun Microsystems Inc."/>
    <property name="java.vendor.url" value="http://java.sun.com/"/>
    <property name="path.separator" value=";"/>
    <property name="java.vm.name" value="Java HotSpot(TM) Client VM"/>
    <property name="file.encoding.pkg" value="sun.io"/>
    <property name="user.country" value="CH"/>
    <property name="sun.java.launcher" value="SUN_STANDARD"/>
    <property name="sun.os.patch.level" value=""/>
    <property name="java.vm.specification.name" value="Java Virtual Machine Specification"/>
    <property name="user.dir" value="C:\Users\Sandor\git-repositories\methoden-der-programmierung---aufgaben\unittests"/>
    <property name="java.runtime.version" value="1.6.0_21-b07"/>
    <property name="java.awt.graphicsenv" value="sun.awt.Win32GraphicsEnvironment"/>
    <property name="basedir" value="C:\Users\Sandor\git-repositories\methoden-der-programmierung---aufgaben\unittests"/>
    <property name="java.endorsed.dirs" value="C:\Program Files (x86)\Java\jdk1.6.0_21\jre\lib\endorsed"/>
    <property name="os.arch" value="x86"/>
    <property name="surefire.real.class.path" value="C:\Users\Sandor\AppData\Local\Temp\surefirebooter551420448154543260.jar"/>
    <property name="java.io.tmpdir" value="C:\Users\Sandor\AppData\Local\Temp\"/>
    <property name="line.separator" value="
"/>
    <property name="java.vm.specification.vendor" value="Sun Microsystems Inc."/>
    <property name="user.variant" value=""/>
    <property name="os.name" value="Windows 7"/>
    <property name="sun.jnu.encoding" value="Cp1252"/>
    <property name="java.library.path" value="C:\Program Files (x86)\Java\jdk1.6.0_21\jre\bin;.;C:\Windows\Sun\Java\bin;C:\Windows\system32;C:\Windows;C:\Program Files (x86)\NVIDIA Corporation\PhysX\Common;C:\Program Files\Apache Software Foundation\apache-maven-2.2.1\bin;C:\Windows\system32;C:\Windows;C:\Windows\System32\Wbem;C:\Windows\System32\WindowsPowerShell\v1.0\;c:\Program Files (x86)\Common Files\Ulead Systems\MPEG;C:\Program Files (x86)\ATI Technologies\ATI.ACE\Core-Static;C:\Program Files\WIDCOMM\Bluetooth Software\;C:\Program Files\WIDCOMM\Bluetooth Software\syswow64;C:\Program Files (x86)\Java\jdk1.6.0_21\bin;C:\Program Files (x86)\QuickTime\QTSystem\"/>
    <property name="surefire.test.class.path" value="C:\Users\Sandor\git-repositories\methoden-der-programmierung---aufgaben\unittests\target\test-classes;C:\Users\Sandor\git-repositories\methoden-der-programmierung---aufgaben\unittests\target\classes;C:\Users\Sandor\.m2\repository\org\jmock\jmock-junit4\2.4.0\jmock-junit4-2.4.0.jar;C:\Users\Sandor\.m2\repository\org\jmock\jmock\2.4.0\jmock-2.4.0.jar;C:\Users\Sandor\.m2\repository\org\hamcrest\hamcrest-core\1.1\hamcrest-core-1.1.jar;C:\Users\Sandor\.m2\repository\org\hamcrest\hamcrest-library\1.1\hamcrest-library-1.1.jar;C:\Users\Sandor\.m2\repository\junit\junit-dep\4.4\junit-dep-4.4.jar;"/>
    <property name="java.specification.name" value="Java Platform API Specification"/>
    <property name="java.class.version" value="50.0"/>
    <property name="sun.management.compiler" value="HotSpot Client Compiler"/>
    <property name="os.version" value="6.1"/>
    <property name="user.home" value="C:\Users\Sandor"/>
    <property name="user.timezone" value=""/>
    <property name="java.awt.printerjob" value="sun.awt.windows.WPrinterJob"/>
    <property name="java.specification.version" value="1.6"/>
    <property name="file.encoding" value="Cp1252"/>
    <property name="user.name" value="Sandor"/>
    <property name="java.class.path" value="C:\Users\Sandor\git-repositories\methoden-der-programmierung---aufgaben\unittests\target\test-classes;C:\Users\Sandor\git-repositories\methoden-der-programmierung---aufgaben\unittests\target\classes;C:\Users\Sandor\.m2\repository\org\jmock\jmock-junit4\2.4.0\jmock-junit4-2.4.0.jar;C:\Users\Sandor\.m2\repository\org\jmock\jmock\2.4.0\jmock-2.4.0.jar;C:\Users\Sandor\.m2\repository\org\hamcrest\hamcrest-core\1.1\hamcrest-core-1.1.jar;C:\Users\Sandor\.m2\repository\org\hamcrest\hamcrest-library\1.1\hamcrest-library-1.1.jar;C:\Users\Sandor\.m2\repository\junit\junit-dep\4.4\junit-dep-4.4.jar;"/>
    <property name="java.vm.specification.version" value="1.0"/>
    <property name="sun.arch.data.model" value="32"/>
    <property name="java.home" value="C:\Program Files (x86)\Java\jdk1.6.0_21\jre"/>
    <property name="java.specification.vendor" value="Sun Microsystems Inc."/>
    <property name="user.language" value="de"/>
    <property name="awt.toolkit" value="sun.awt.windows.WToolkit"/>
    <property name="java.vm.info" value="mixed mode, sharing"/>
    <property name="java.version" value="1.6.0_21"/>
    <property name="java.ext.dirs" value="C:\Program Files (x86)\Java\jdk1.6.0_21\jre\lib\ext;C:\Windows\Sun\Java\lib\ext"/>
    <property name="sun.boot.class.path" value="C:\Program Files (x86)\Java\jdk1.6.0_21\jre\lib\resources.jar;C:\Program Files (x86)\Java\jdk1.6.0_21\jre\lib\rt.jar;C:\Program Files (x86)\Java\jdk1.6.0_21\jre\lib\sunrsasign.jar;C:\Program Files (x86)\Java\jdk1.6.0_21\jre\lib\jsse.jar;C:\Program Files (x86)\Java\jdk1.6.0_21\jre\lib\jce.jar;C:\Program Files (x86)\Java\jdk1.6.0_21\jre\lib\charsets.jar;C:\Program Files (x86)\Java\jdk1.6.0_21\jre\classes"/>
    <property name="java.vendor" value="Sun Microsystems Inc."/>
    <property name="localRepository" value="C:\Users\Sandor\.m2\repository"/>
    <property name="file.separator" value="\"/>
    <property name="java.vendor.url.bug" value="http://java.sun.com/cgi-bin/bugreport.cgi"/>
    <property name="sun.cpu.endian" value="little"/>
    <property name="sun.io.unicode.encoding" value="UnicodeLittle"/>
    <property name="sun.desktop" value="windows"/>
    <property name="sun.cpu.isalist" value="pentium_pro+mmx pentium_pro pentium+mmx pentium i486 i386 i86"/>
  </properties>
  <testcase time="0" classname="ch.fhzh.AppTest" name="testApp"/>
</testsuite>